Starting project at /home/josu/Documentos/TALLER-DE-APLICACIONES-MOVILES/boton-configuracion
Starting Metro Bundler
warning: Bundler cache is empty, rebuilding (this may take a minute)
The following packages should be updated for best compatibility with the installed expo version:
  expo-constants@16.0.2 - expected version: ~18.0.13
  expo-linking@6.3.1 - expected version: ~8.0.11
  expo-router@3.5.24 - expected version: ~6.0.23
  expo-status-bar@1.12.1 - expected version: ~3.0.9
  react-native-safe-area-context@4.10.5 - expected version: ~5.6.0
  react-native-screens@3.31.1 - expected version: ~4.16.0
  @types/react@19.2.14 - expected version: ~19.1.10
  @types/react-dom@19.2.3 - expected version: ~19.1.7
Your project may not work correctly until you install the expected versions of the packages.
Waiting on http://localhost:8081
Logs for your project will appear below.
Web node_modules/expo-router/entry.js ░░░░░░░░░░░░░░░░  0.0% (0/1)
Web Bundling failed 3123ms node_modules/expo-router/entry.js (737 modules)
Unable to resolve "expo-router/assets/unmatched.png" from "node_modules/expo-router/build/views/Unmatched.js"
[0m [90m 136 |[39m }
 [90m 137 |[39m [36mfunction[39m [33mNotFoundAsset[39m() {
[31m[1m>[22m[39m[90m 138 |[39m     [36mreturn[39m [33m<[39m[33mreact_native_1[39m[33m.[39m[33mImage[39m source[33m=[39m{require([32m'expo-router/assets/unmatched.png'[39m)} style[33m=[39m{styles[33m.[39mimage}[33m/[39m[33m>[39m[33m;[39m
 [90m     |[39m                                                   [31m[1m^[22m[39m
 [90m 139 |[39m }
 [90m 140 |[39m [36mconst[39m styles [33m=[39m react_native_1[33m.[39m[33mStyleSheet[39m[33m.[39mcreate({
 [90m 141 |[39m     container[33m:[39m {[0m

Import stack:

 node_modules/expo-router/build/views/Unmatched.js
 | import "expo-router/assets/unmatched.png"

 node_modules/expo-router/build/ExpoRoot.js
 | import "./views/Unmatched"

 node_modules/expo-router/build/qualified-entry.js
 | import "./ExpoRoot"

 node_modules/expo-router/entry-classic.js
 | import "expo-router/build/qualified-entry"

 node_modules/expo-router/entry.js
 | import "expo-router/entry-classic"

 
 | import "./node_modules/expo-router/entry"

Web node_modules/expo-router/entry.js ░░░░░░░░░░░░░░░░  0.0% (0/1)
Web Bundling failed 169ms node_modules/expo-router/entry.js (416 modules)
Unable to resolve "expo-router/assets/unmatched.png" from "node_modules/expo-router/build/views/Unmatched.js"
[0m [90m 136 |[39m }
 [90m 137 |[39m [36mfunction[39m [33mNotFoundAsset[39m() {
[31m[1m>[22m[39m[90m 138 |[39m     [36mreturn[39m [33m<[39m[33mreact_native_1[39m[33m.[39m[33mImage[39m source[33m=[39m{require([32m'expo-router/assets/unmatched.png'[39m)} style[33m=[39m{styles[33m.[39mimage}[33m/[39m[33m>[39m[33m;[39m
 [90m     |[39m                                                   [31m[1m^[22m[39m
 [90m 139 |[39m }
 [90m 140 |[39m [36mconst[39m styles [33m=[39m react_native_1[33m.[39m[33mStyleSheet[39m[33m.[39mcreate({
 [90m 141 |[39m     container[33m:[39m {[0m

Import stack:

 node_modules/expo-router/build/views/Unmatched.js
 | import "expo-router/assets/unmatched.png"

 node_modules/expo-router/build/ExpoRoot.js
 | import "./views/Unmatched"

 node_modules/expo-router/build/qualified-entry.js
 | import "./ExpoRoot"

 node_modules/expo-router/entry-classic.js
 | import "expo-router/build/qualified-entry"

 node_modules/expo-router/entry.js
 | import "expo-router/entry-classic"

 
 | import "./node_modules/expo-router/entry"

